mode: set
github.com/ukydev/fleet-sustainability/cmd/main.go:23.53,24.74 1 0
github.com/ukydev/fleet-sustainability/cmd/main.go:24.74,31.34 4 0
github.com/ukydev/fleet-sustainability/cmd/main.go:31.34,34.10 2 0
github.com/ukydev/fleet-sustainability/cmd/main.go:36.9,36.29 1 0
github.com/ukydev/fleet-sustainability/cmd/main.go:46.78,47.21 1 1
github.com/ukydev/fleet-sustainability/cmd/main.go:48.26,50.23 2 1
github.com/ukydev/fleet-sustainability/cmd/main.go:50.23,53.10 2 1
github.com/ukydev/fleet-sustainability/cmd/main.go:54.9,65.61 2 1
github.com/ukydev/fleet-sustainability/cmd/main.go:65.61,68.10 2 1
github.com/ukydev/fleet-sustainability/cmd/main.go:70.9,70.35 1 1
github.com/ukydev/fleet-sustainability/cmd/main.go:70.35,73.10 2 1
github.com/ukydev/fleet-sustainability/cmd/main.go:74.9,74.35 1 1
github.com/ukydev/fleet-sustainability/cmd/main.go:74.35,77.10 2 1
github.com/ukydev/fleet-sustainability/cmd/main.go:78.9,78.56 1 1
github.com/ukydev/fleet-sustainability/cmd/main.go:78.56,81.10 2 1
github.com/ukydev/fleet-sustainability/cmd/main.go:82.9,82.69 1 1
github.com/ukydev/fleet-sustainability/cmd/main.go:82.69,85.10 2 1
github.com/ukydev/fleet-sustainability/cmd/main.go:86.9,86.51 1 1
github.com/ukydev/fleet-sustainability/cmd/main.go:86.51,89.10 2 1
github.com/ukydev/fleet-sustainability/cmd/main.go:90.9,90.33 1 1
github.com/ukydev/fleet-sustainability/cmd/main.go:90.33,93.10 2 1
github.com/ukydev/fleet-sustainability/cmd/main.go:95.9,98.34 4 1
github.com/ukydev/fleet-sustainability/cmd/main.go:98.34,100.10 1 1
github.com/ukydev/fleet-sustainability/cmd/main.go:101.9,101.37 1 1
github.com/ukydev/fleet-sustainability/cmd/main.go:101.37,103.10 1 1
github.com/ukydev/fleet-sustainability/cmd/main.go:104.9,114.23 3 1
github.com/ukydev/fleet-sustainability/cmd/main.go:114.23,117.10 2 0
github.com/ukydev/fleet-sustainability/cmd/main.go:118.9,120.30 3 1
github.com/ukydev/fleet-sustainability/cmd/main.go:121.25,126.41 4 1
github.com/ukydev/fleet-sustainability/cmd/main.go:126.41,128.30 2 1
github.com/ukydev/fleet-sustainability/cmd/main.go:128.30,130.31 2 1
github.com/ukydev/fleet-sustainability/cmd/main.go:130.31,133.18 2 1
github.com/ukydev/fleet-sustainability/cmd/main.go:134.17,134.60 1 1
github.com/ukydev/fleet-sustainability/cmd/main.go:136.13,136.28 1 1
github.com/ukydev/fleet-sustainability/cmd/main.go:136.28,138.31 2 1
github.com/ukydev/fleet-sustainability/cmd/main.go:138.31,141.18 2 1
github.com/ukydev/fleet-sustainability/cmd/main.go:142.17,142.58 1 1
github.com/ukydev/fleet-sustainability/cmd/main.go:145.9,149.23 5 1
github.com/ukydev/fleet-sustainability/cmd/main.go:149.23,152.10 2 1
github.com/ukydev/fleet-sustainability/cmd/main.go:153.9,155.57 3 1
github.com/ukydev/fleet-sustainability/cmd/main.go:155.57,158.10 2 1
github.com/ukydev/fleet-sustainability/cmd/main.go:159.9,160.43 2 1
github.com/ukydev/fleet-sustainability/cmd/main.go:161.13,162.73 1 1
github.com/ukydev/fleet-sustainability/cmd/main.go:172.84,179.37 6 1
github.com/ukydev/fleet-sustainability/cmd/main.go:179.37,181.26 2 0
github.com/ukydev/fleet-sustainability/cmd/main.go:181.26,183.27 2 0
github.com/ukydev/fleet-sustainability/cmd/main.go:183.27,186.14 2 0
github.com/ukydev/fleet-sustainability/cmd/main.go:187.13,187.56 1 0
github.com/ukydev/fleet-sustainability/cmd/main.go:189.9,189.24 1 0
github.com/ukydev/fleet-sustainability/cmd/main.go:189.24,191.27 2 0
github.com/ukydev/fleet-sustainability/cmd/main.go:191.27,194.14 2 0
github.com/ukydev/fleet-sustainability/cmd/main.go:195.13,195.54 1 0
github.com/ukydev/fleet-sustainability/cmd/main.go:198.5,199.19 2 1
github.com/ukydev/fleet-sustainability/cmd/main.go:199.19,202.6 2 1
github.com/ukydev/fleet-sustainability/cmd/main.go:203.5,205.53 3 1
github.com/ukydev/fleet-sustainability/cmd/main.go:205.53,208.6 2 1
github.com/ukydev/fleet-sustainability/cmd/main.go:209.5,211.31 3 1
github.com/ukydev/fleet-sustainability/cmd/main.go:211.31,213.34 2 1
github.com/ukydev/fleet-sustainability/cmd/main.go:213.34,215.10 1 1
github.com/ukydev/fleet-sustainability/cmd/main.go:215.15,215.38 1 1
github.com/ukydev/fleet-sustainability/cmd/main.go:215.38,217.10 1 1
github.com/ukydev/fleet-sustainability/cmd/main.go:219.5,221.18 3 1
github.com/ukydev/fleet-sustainability/cmd/main.go:221.18,223.6 1 1
github.com/ukydev/fleet-sustainability/cmd/main.go:224.5,230.36 3 1
github.com/ukydev/fleet-sustainability/cmd/main.go:233.62,234.21 1 1
github.com/ukydev/fleet-sustainability/cmd/main.go:235.25,238.30 2 1
github.com/ukydev/fleet-sustainability/cmd/main.go:239.13,240.73 1 1
github.com/ukydev/fleet-sustainability/cmd/main.go:247.56,248.74 1 0
github.com/ukydev/fleet-sustainability/cmd/main.go:248.74,250.54 2 0
github.com/ukydev/fleet-sustainability/cmd/main.go:250.54,253.10 2 0
github.com/ukydev/fleet-sustainability/cmd/main.go:254.9,255.90 2 0
github.com/ukydev/fleet-sustainability/cmd/main.go:255.90,257.10 1 0
github.com/ukydev/fleet-sustainability/cmd/main.go:258.9,258.39 1 0
github.com/ukydev/fleet-sustainability/cmd/main.go:258.39,261.10 2 0
github.com/ukydev/fleet-sustainability/cmd/main.go:262.9,262.29 1 0
github.com/ukydev/fleet-sustainability/cmd/main.go:267.13,269.43 1 0
github.com/ukydev/fleet-sustainability/cmd/main.go:269.43,271.6 1 0
github.com/ukydev/fleet-sustainability/cmd/main.go:273.5,274.19 2 0
github.com/ukydev/fleet-sustainability/cmd/main.go:274.19,276.6 1 0
github.com/ukydev/fleet-sustainability/cmd/main.go:277.5,279.26 3 0
github.com/ukydev/fleet-sustainability/cmd/main.go:279.26,281.6 1 0
github.com/ukydev/fleet-sustainability/cmd/main.go:282.5,290.19 8 0
github.com/ukydev/fleet-sustainability/cmd/main.go:290.19,292.6 1 0
github.com/ukydev/fleet-sustainability/cmd/main.go:294.5,298.62 4 0
github.com/ukydev/fleet-sustainability/cmd/main.go:298.62,301.6 2 0
github.com/ukydev/fleet-sustainability/cmd/main.go:301.11,304.6 2 0
github.com/ukydev/fleet-sustainability/cmd/simulator/main.go:32.32,37.2 1 1
github.com/ukydev/fleet-sustainability/cmd/simulator/main.go:39.57,49.20 2 1
github.com/ukydev/fleet-sustainability/cmd/simulator/main.go:49.20,51.3 1 1
github.com/ukydev/fleet-sustainability/cmd/simulator/main.go:51.8,53.3 1 1
github.com/ukydev/fleet-sustainability/cmd/simulator/main.go:54.2,54.13 1 1
github.com/ukydev/fleet-sustainability/cmd/simulator/main.go:57.51,59.16 2 1
github.com/ukydev/fleet-sustainability/cmd/simulator/main.go:59.16,62.3 2 0
github.com/ukydev/fleet-sustainability/cmd/simulator/main.go:63.2,64.16 2 1
github.com/ukydev/fleet-sustainability/cmd/simulator/main.go:64.16,67.3 2 1
github.com/ukydev/fleet-sustainability/cmd/simulator/main.go:68.2,69.104 2 1
github.com/ukydev/fleet-sustainability/cmd/simulator/main.go:72.79,73.6 1 0
github.com/ukydev/fleet-sustainability/cmd/simulator/main.go:73.6,77.3 3 0
github.com/ukydev/fleet-sustainability/cmd/simulator/main.go:80.13,83.47 3 0
github.com/ukydev/fleet-sustainability/cmd/simulator/main.go:83.47,84.46 1 0
github.com/ukydev/fleet-sustainability/cmd/simulator/main.go:84.46,86.4 1 0
github.com/ukydev/fleet-sustainability/cmd/simulator/main.go:88.2,89.18 2 0
github.com/ukydev/fleet-sustainability/cmd/simulator/main.go:89.18,91.3 1 0
github.com/ukydev/fleet-sustainability/cmd/simulator/main.go:92.2,93.33 2 0
github.com/ukydev/fleet-sustainability/cmd/simulator/main.go:93.33,97.3 3 0
github.com/ukydev/fleet-sustainability/cmd/simulator/main.go:98.2,98.9 1 0
github.com/ukydev/fleet-sustainability/internal/db/mongo.go:15.44,17.18 2 1
github.com/ukydev/fleet-sustainability/internal/db/mongo.go:17.18,19.6 1 1
github.com/ukydev/fleet-sustainability/internal/db/mongo.go:20.5,21.19 2 1
github.com/ukydev/fleet-sustainability/internal/db/mongo.go:21.19,23.6 1 1
github.com/ukydev/fleet-sustainability/internal/db/mongo.go:24.5,26.47 3 1
github.com/ukydev/fleet-sustainability/internal/db/mongo.go:26.47,28.6 1 0
github.com/ukydev/fleet-sustainability/internal/db/mongo.go:30.5,30.49 1 1
github.com/ukydev/fleet-sustainability/internal/db/mongo.go:30.49,32.6 1 1
github.com/ukydev/fleet-sustainability/internal/db/mongo.go:33.5,33.23 1 1
github.com/ukydev/fleet-sustainability/internal/db/mongo.go:42.98,43.28 1 1
github.com/ukydev/fleet-sustainability/internal/db/mongo.go:43.28,45.6 1 1
github.com/ukydev/fleet-sustainability/internal/db/mongo.go:46.5,47.15 2 0
github.com/ukydev/fleet-sustainability/internal/db/mongo.go:56.80,58.2 1 1
github.com/ukydev/fleet-sustainability/internal/db/mongo.go:59.65,61.2 1 1
github.com/ukydev/fleet-sustainability/internal/db/mongo.go:64.128,66.19 2 1
github.com/ukydev/fleet-sustainability/internal/db/mongo.go:66.19,68.6 1 0
github.com/ukydev/fleet-sustainability/internal/db/mongo.go:69.5,69.54 1 0
