mode: set
github.com/ukydev/fleet-sustainability/cmd/main.go:28.78,29.21 1 1
github.com/ukydev/fleet-sustainability/cmd/main.go:30.26,32.23 2 1
github.com/ukydev/fleet-sustainability/cmd/main.go:32.23,35.10 2 1
github.com/ukydev/fleet-sustainability/cmd/main.go:36.9,47.61 2 1
github.com/ukydev/fleet-sustainability/cmd/main.go:47.61,50.10 2 1
github.com/ukydev/fleet-sustainability/cmd/main.go:52.9,52.35 1 1
github.com/ukydev/fleet-sustainability/cmd/main.go:52.35,55.10 2 1
github.com/ukydev/fleet-sustainability/cmd/main.go:56.9,56.35 1 1
github.com/ukydev/fleet-sustainability/cmd/main.go:56.35,59.10 2 1
github.com/ukydev/fleet-sustainability/cmd/main.go:60.9,60.56 1 1
github.com/ukydev/fleet-sustainability/cmd/main.go:60.56,63.10 2 1
github.com/ukydev/fleet-sustainability/cmd/main.go:64.9,64.69 1 1
github.com/ukydev/fleet-sustainability/cmd/main.go:64.69,67.10 2 1
github.com/ukydev/fleet-sustainability/cmd/main.go:68.9,68.51 1 1
github.com/ukydev/fleet-sustainability/cmd/main.go:68.51,71.10 2 1
github.com/ukydev/fleet-sustainability/cmd/main.go:72.9,72.33 1 1
github.com/ukydev/fleet-sustainability/cmd/main.go:72.33,75.10 2 1
github.com/ukydev/fleet-sustainability/cmd/main.go:77.9,80.34 4 1
github.com/ukydev/fleet-sustainability/cmd/main.go:80.34,82.10 1 1
github.com/ukydev/fleet-sustainability/cmd/main.go:83.9,83.37 1 1
github.com/ukydev/fleet-sustainability/cmd/main.go:83.37,85.10 1 1
github.com/ukydev/fleet-sustainability/cmd/main.go:86.9,96.23 3 1
github.com/ukydev/fleet-sustainability/cmd/main.go:96.23,99.10 2 0
github.com/ukydev/fleet-sustainability/cmd/main.go:100.9,102.30 3 1
github.com/ukydev/fleet-sustainability/cmd/main.go:103.25,108.41 4 1
github.com/ukydev/fleet-sustainability/cmd/main.go:108.41,110.30 2 1
github.com/ukydev/fleet-sustainability/cmd/main.go:110.30,112.31 2 1
github.com/ukydev/fleet-sustainability/cmd/main.go:112.31,115.18 2 1
github.com/ukydev/fleet-sustainability/cmd/main.go:116.17,116.60 1 1
github.com/ukydev/fleet-sustainability/cmd/main.go:118.13,118.28 1 1
github.com/ukydev/fleet-sustainability/cmd/main.go:118.28,120.31 2 1
github.com/ukydev/fleet-sustainability/cmd/main.go:120.31,123.18 2 1
github.com/ukydev/fleet-sustainability/cmd/main.go:124.17,124.58 1 1
github.com/ukydev/fleet-sustainability/cmd/main.go:127.9,131.23 5 1
github.com/ukydev/fleet-sustainability/cmd/main.go:131.23,134.10 2 1
github.com/ukydev/fleet-sustainability/cmd/main.go:135.9,137.57 3 1
github.com/ukydev/fleet-sustainability/cmd/main.go:137.57,140.10 2 1
github.com/ukydev/fleet-sustainability/cmd/main.go:141.9,142.43 2 1
github.com/ukydev/fleet-sustainability/cmd/main.go:143.13,144.73 1 1
github.com/ukydev/fleet-sustainability/cmd/main.go:154.84,161.37 6 1
github.com/ukydev/fleet-sustainability/cmd/main.go:161.37,163.26 2 0
github.com/ukydev/fleet-sustainability/cmd/main.go:163.26,165.27 2 0
github.com/ukydev/fleet-sustainability/cmd/main.go:165.27,168.14 2 0
github.com/ukydev/fleet-sustainability/cmd/main.go:169.13,169.56 1 0
github.com/ukydev/fleet-sustainability/cmd/main.go:171.9,171.24 1 0
github.com/ukydev/fleet-sustainability/cmd/main.go:171.24,173.27 2 0
github.com/ukydev/fleet-sustainability/cmd/main.go:173.27,176.14 2 0
github.com/ukydev/fleet-sustainability/cmd/main.go:177.13,177.54 1 0
github.com/ukydev/fleet-sustainability/cmd/main.go:180.5,181.19 2 1
github.com/ukydev/fleet-sustainability/cmd/main.go:181.19,184.6 2 1
github.com/ukydev/fleet-sustainability/cmd/main.go:185.5,187.53 3 1
github.com/ukydev/fleet-sustainability/cmd/main.go:187.53,190.6 2 1
github.com/ukydev/fleet-sustainability/cmd/main.go:191.5,193.31 3 1
github.com/ukydev/fleet-sustainability/cmd/main.go:193.31,195.34 2 1
github.com/ukydev/fleet-sustainability/cmd/main.go:195.34,197.10 1 1
github.com/ukydev/fleet-sustainability/cmd/main.go:197.15,197.38 1 1
github.com/ukydev/fleet-sustainability/cmd/main.go:197.38,199.10 1 1
github.com/ukydev/fleet-sustainability/cmd/main.go:201.5,203.18 3 1
github.com/ukydev/fleet-sustainability/cmd/main.go:203.18,205.6 1 1
github.com/ukydev/fleet-sustainability/cmd/main.go:206.5,212.36 3 1
github.com/ukydev/fleet-sustainability/cmd/main.go:215.62,216.21 1 1
github.com/ukydev/fleet-sustainability/cmd/main.go:217.25,220.30 2 1
github.com/ukydev/fleet-sustainability/cmd/main.go:221.13,222.73 1 1
github.com/ukydev/fleet-sustainability/cmd/main.go:229.56,230.74 1 0
github.com/ukydev/fleet-sustainability/cmd/main.go:230.74,232.54 2 0
github.com/ukydev/fleet-sustainability/cmd/main.go:232.54,235.10 2 0
github.com/ukydev/fleet-sustainability/cmd/main.go:236.9,237.90 2 0
github.com/ukydev/fleet-sustainability/cmd/main.go:237.90,239.10 1 0
github.com/ukydev/fleet-sustainability/cmd/main.go:240.9,240.39 1 0
github.com/ukydev/fleet-sustainability/cmd/main.go:240.39,243.10 2 0
github.com/ukydev/fleet-sustainability/cmd/main.go:244.9,244.29 1 0
github.com/ukydev/fleet-sustainability/cmd/main.go:249.13,251.43 1 0
github.com/ukydev/fleet-sustainability/cmd/main.go:251.43,253.6 1 0
github.com/ukydev/fleet-sustainability/cmd/main.go:255.5,256.19 2 0
github.com/ukydev/fleet-sustainability/cmd/main.go:256.19,258.6 1 0
github.com/ukydev/fleet-sustainability/cmd/main.go:259.5,261.26 3 0
github.com/ukydev/fleet-sustainability/cmd/main.go:261.26,263.6 1 0
github.com/ukydev/fleet-sustainability/cmd/main.go:264.5,272.19 8 0
github.com/ukydev/fleet-sustainability/cmd/main.go:272.19,274.6 1 0
github.com/ukydev/fleet-sustainability/cmd/main.go:276.5,280.62 4 0
github.com/ukydev/fleet-sustainability/cmd/main.go:280.62,283.6 2 0
github.com/ukydev/fleet-sustainability/cmd/main.go:283.11,286.6 2 0
github.com/ukydev/fleet-sustainability/cmd/simulator/main.go:32.32,37.2 1 1
github.com/ukydev/fleet-sustainability/cmd/simulator/main.go:39.57,49.20 2 1
github.com/ukydev/fleet-sustainability/cmd/simulator/main.go:49.20,51.3 1 1
github.com/ukydev/fleet-sustainability/cmd/simulator/main.go:51.8,53.3 1 1
github.com/ukydev/fleet-sustainability/cmd/simulator/main.go:54.2,54.13 1 1
github.com/ukydev/fleet-sustainability/cmd/simulator/main.go:57.51,59.16 2 1
github.com/ukydev/fleet-sustainability/cmd/simulator/main.go:59.16,62.3 2 0
github.com/ukydev/fleet-sustainability/cmd/simulator/main.go:63.2,64.16 2 1
github.com/ukydev/fleet-sustainability/cmd/simulator/main.go:64.16,67.3 2 1
github.com/ukydev/fleet-sustainability/cmd/simulator/main.go:68.2,69.104 2 1
github.com/ukydev/fleet-sustainability/cmd/simulator/main.go:72.79,73.6 1 0
github.com/ukydev/fleet-sustainability/cmd/simulator/main.go:73.6,77.3 3 0
github.com/ukydev/fleet-sustainability/cmd/simulator/main.go:80.13,83.47 3 0
github.com/ukydev/fleet-sustainability/cmd/simulator/main.go:83.47,84.46 1 0
github.com/ukydev/fleet-sustainability/cmd/simulator/main.go:84.46,86.4 1 0
github.com/ukydev/fleet-sustainability/cmd/simulator/main.go:88.2,89.18 2 0
github.com/ukydev/fleet-sustainability/cmd/simulator/main.go:89.18,91.3 1 0
github.com/ukydev/fleet-sustainability/cmd/simulator/main.go:92.2,93.33 2 0
github.com/ukydev/fleet-sustainability/cmd/simulator/main.go:93.33,97.3 3 0
github.com/ukydev/fleet-sustainability/cmd/simulator/main.go:98.2,98.9 1 0
github.com/ukydev/fleet-sustainability/internal/db/mongo.go:15.44,17.18 2 1
github.com/ukydev/fleet-sustainability/internal/db/mongo.go:17.18,19.6 1 1
github.com/ukydev/fleet-sustainability/internal/db/mongo.go:20.5,21.19 2 1
github.com/ukydev/fleet-sustainability/internal/db/mongo.go:21.19,23.6 1 1
github.com/ukydev/fleet-sustainability/internal/db/mongo.go:24.5,26.47 3 1
github.com/ukydev/fleet-sustainability/internal/db/mongo.go:26.47,28.6 1 0
github.com/ukydev/fleet-sustainability/internal/db/mongo.go:30.5,30.49 1 1
github.com/ukydev/fleet-sustainability/internal/db/mongo.go:30.49,32.6 1 1
github.com/ukydev/fleet-sustainability/internal/db/mongo.go:33.5,33.23 1 0
github.com/ukydev/fleet-sustainability/internal/db/mongo.go:42.98,43.28 1 1
github.com/ukydev/fleet-sustainability/internal/db/mongo.go:43.28,45.6 1 1
github.com/ukydev/fleet-sustainability/internal/db/mongo.go:46.5,47.15 2 0
github.com/ukydev/fleet-sustainability/internal/db/mongo.go:56.80,58.2 1 1
github.com/ukydev/fleet-sustainability/internal/db/mongo.go:59.65,61.2 1 1
github.com/ukydev/fleet-sustainability/internal/db/mongo.go:64.128,66.19 2 1
github.com/ukydev/fleet-sustainability/internal/db/mongo.go:66.19,68.6 1 0
github.com/ukydev/fleet-sustainability/internal/db/mongo.go:69.5,69.54 1 0
